[    0.000000] Initializing cgroup subsys cpuset
[    0.000000] Initializing cgroup subsys cpu
[    0.000000] Initializing cgroup subsys cpuacct
[    0.000000] Linux version 4.4.0-165-generic (buildd@lgw01-amd64-027) (gcc version 5.4.0 20160609 (Ubuntu 5.4.0-6ubuntu1~16.04.10) ) #193-Ubuntu SMP Tue Sep 17 17:42:52 UTC 2019 (Ubuntu 4.4.0-165.193-generic 4.4.189)
[    0.000000] Command line: BOOT_IMAGE=/boot/vmlinuz-4.4.0-165-generic root=LABEL=cloudimg-rootfs ro console=tty1 console=ttyS0
[    0.000000] KERNEL supported cpus:
[    0.000000]   Intel GenuineIntel
[    0.000000]   AMD AuthenticAMD
[    0.000000]   Centaur CentaurHauls
[    0.000000] x86/fpu: xstate_offset[2]:  576, xstate_sizes[2]:  256
[    0.000000] x86/fpu: Supporting XSAVE feature 0x01: 'x87 floating point registers'
[    0.000000] x86/fpu: Supporting XSAVE feature 0x02: 'SSE registers'
[    0.000000] x86/fpu: Supporting XSAVE feature 0x04: 'AVX registers'
[    0.000000] x86/fpu: Enabled xstate features 0x7, context size is 832 bytes, using 'standard' format.
[    0.000000] e820: BIOS-provided physical RAM map:
[    0.000000] BIOS-e820: [mem 0x0000000000000000-0x000000000009fbff] usable
[    0.000000] BIOS-e820: [mem 0x000000000009fc00-0x000000000009ffff] reserved
[    0.000000] BIOS-e820: [mem 0x00000000000f0000-0x00000000000fffff] reserved
[    0.000000] BIOS-e820: [mem 0x0000000000100000-0x000000003ffeffff] usable
[    0.000000] BIOS-e820: [mem 0x000000003fff0000-0x000000003fffffff] ACPI data
[    0.000000] BIOS-e820: [mem 0x00000000fec00000-0x00000000fec00fff] reserved
[    0.000000] BIOS-e820: [mem 0x00000000fee00000-0x00000000fee00fff] reserved
[    0.000000] BIOS-e820: [mem 0x00000000fffc0000-0x00000000ffffffff] reserved
[    0.000000] NX (Execute Disable) protection: active
[    0.000000] SMBIOS 2.5 present.
[    0.000000] Hypervisor detected: KVM
[    0.000000] Kernel/User page tables isolation: disabled
[    0.000000] e820: last_pfn = 0x3fff0 max_arch_pfn = 0x400000000
[    0.000000] MTRR: Disabled
[    0.000000] x86/PAT: MTRRs disabled, skipping PAT initialization too.
[    0.000000] CPU MTRRs all blank - virtualized system.
[    0.000000] x86/PAT: Configuration [0-7]: WB  WT  UC- UC  WB  WT  UC- UC  
[    0.000000] found SMP MP-table at [mem 0x0009fff0-0x0009ffff] mapped at [ffff88000009fff0]
[    0.000000] Scanning 1 areas for low memory corruption
[    0.000000] RAMDISK: [mem 0x362fa000-0x37174fff]
[    0.000000] ACPI: Early table checksum verification disabled
[    0.000000] ACPI: RSDP 0x00000000000E0000 000024 (v02 VBOX  )
[    0.000000] ACPI: XSDT 0x000000003FFF0030 00003C (v01 VBOX   VBOXXSDT 00000001 ASL  00000061)
[    0.000000] ACPI: FACP 0x000000003FFF00F0 0000F4 (v04 VBOX   VBOXFACP 00000001 ASL  00000061)
[    0.000000] ACPI: DSDT 0x000000003FFF0470 0022EA (v02 VBOX   VBOXBIOS 00000002 INTL 20100528)
[    0.000000] ACPI: FACS 0x000000003FFF0200 000040
[    0.000000] ACPI: FACS 0x000000003FFF0200 000040
[    0.000000] ACPI: APIC 0x000000003FFF0240 00005C (v02 VBOX   VBOXAPIC 00000001 ASL  00000061)
[    0.000000] ACPI: SSDT 0x000000003FFF02A0 0001CC (v01 VBOX   VBOXCPUT 00000002 INTL 20100528)
[    0.000000] No NUMA configuration found
[    0.000000] Faking a node at [mem 0x0000000000000000-0x000000003ffeffff]
[    0.000000] NODE_DATA(0) allocated [mem 0x3ffeb000-0x3ffeffff]
[    0.000000] kvm-clock: Using msrs 4b564d01 and 4b564d00
[    0.000000] kvm-clock: cpu 0, msr 0:3ffe3001, primary cpu clock
[    0.000000] kvm-clock: using sched offset of 4257513328 cycles
[    0.000000] clocksource: kvm-clock: mask: 0xffffffffffffffff max_cycles: 0x1cd42e4dffb, max_idle_ns: 881590591483 ns
[    0.000000] Zone ranges:
[    0.000000]   DMA      [mem 0x0000000000001000-0x0000000000ffffff]
[    0.000000]   DMA32    [mem 0x0000000001000000-0x000000003ffeffff]
[    0.000000]   Normal   empty
[    0.000000]   Device   empty
[    0.000000] Movable zone start for each node
[    0.000000] Early memory node ranges
[    0.000000]   node   0: [mem 0x0000000000001000-0x000000000009efff]
[    0.000000]   node   0: [mem 0x0000000000100000-0x000000003ffeffff]
[    0.000000] Initmem setup node 0 [mem 0x0000000000001000-0x000000003ffeffff]
[    0.000000] ACPI: PM-Timer IO Port: 0x4008
[    0.000000] IOAPIC[0]: apic_id 2, version 32, address 0xfec00000, GSI 0-23
[    0.000000] ACPI: INT_SRC_OVR (bus 0 bus_irq 0 global_irq 2 dfl dfl)
[    0.000000] ACPI: INT_SRC_OVR (bus 0 bus_irq 9 global_irq 9 low level)
[    0.000000] Using ACPI (MADT) for SMP configuration information
[    0.000000] smpboot: Allowing 2 CPUs, 0 hotplug CPUs
[    0.000000] PM: Registered nosave memory: [mem 0x00000000-0x00000fff]
[    0.000000] PM: Registered nosave memory: [mem 0x0009f000-0x0009ffff]
[    0.000000] PM: Registered nosave memory: [mem 0x000a0000-0x000effff]
[    0.000000] PM: Registered nosave memory: [mem 0x000f0000-0x000fffff]
[    0.000000] e820: [mem 0x40000000-0xfebfffff] available for PCI devices
[    0.000000] Booting paravirtualized kernel on KVM
[    0.000000] clocksource: refined-jiffies: mask: 0xffffffff max_cycles: 0xffffffff, max_idle_ns: 7645519600211568 ns
[    0.000000] setup_percpu: NR_CPUS:512 nr_cpumask_bits:512 nr_cpu_ids:2 nr_node_ids:1
[    0.000000] PERCPU: Embedded 34 pages/cpu @ffff88003fc00000 s99544 r8192 d31528 u1048576
[    0.000000] Built 1 zonelists in Node order, mobility grouping on.  Total pages: 257912
[    0.000000] Policy zone: DMA32
[    0.000000] Kernel command line: BOOT_IMAGE=/boot/vmlinuz-4.4.0-165-generic root=LABEL=cloudimg-rootfs ro console=tty1 console=ttyS0
[    0.000000] PID hash table entries: 4096 (order: 3, 32768 bytes)
[    0.000000] Memory: 997732K/1048120K available (8621K kernel code, 1335K rwdata, 4032K rodata, 1484K init, 1284K bss, 50388K reserved, 0K cma-reserved)
[    0.000000] SLUB: HWalign=64, Order=0-3, MinObjects=0, CPUs=2, Nodes=1
[    0.000000] Hierarchical RCU implementation.
[    0.000000] 	Build-time adjustment of leaf fanout to 64.
[    0.000000] 	RCU restricting CPUs from NR_CPUS=512 to nr_cpu_ids=2.
[    0.000000] RCU: Adjusting geometry for rcu_fanout_leaf=64, nr_cpu_ids=2
[    0.000000] NR_IRQS:33024 nr_irqs:440 16
[    0.000000] Console: colour VGA+ 80x25
[    0.000000] console [tty1] enabled
[    0.000000] console [ttyS0] enabled
[    0.000000] tsc: Detected 1992.003 MHz processor
[    0.254384] Calibrating delay loop (skipped) preset value.. 3984.00 BogoMIPS (lpj=7968012)
[    0.256168] pid_max: default: 32768 minimum: 301
[    0.257211] ACPI: Core revision 20150930
[    0.259272] ACPI: 2 ACPI AML tables successfully acquired and loaded
[    0.260682] Security Framework initialized
[    0.261697] Yama: becoming mindful.
[    0.262495] AppArmor: AppArmor initialized
[    0.263452] Dentry cache hash table entries: 131072 (order: 8, 1048576 bytes)
[    0.264977] Inode-cache hash table entries: 65536 (order: 7, 524288 bytes)
[    0.269623] Mount-cache hash table entries: 2048 (order: 2, 16384 bytes)
[    0.270975] Mountpoint-cache hash table entries: 2048 (order: 2, 16384 bytes)
[    0.272783] Initializing cgroup subsys io
[    0.274077] Initializing cgroup subsys memory
[    0.275165] Initializing cgroup subsys devices
[    0.276367] Initializing cgroup subsys freezer
[    0.277481] Initializing cgroup subsys net_cls
[    0.278608] Initializing cgroup subsys perf_event
[    0.279772] Initializing cgroup subsys net_prio
[    0.280932] Initializing cgroup subsys hugetlb
[    0.282088] Initializing cgroup subsys pids
[    0.284693] mce: CPU supports 0 MCE banks
[    0.286038] Last level iTLB entries: 4KB 64, 2MB 8, 4MB 8
[    0.287476] Last level dTLB entries: 4KB 64, 2MB 0, 4MB 0, 1GB 4
[    0.289020] Spectre V1 : Mitigation: usercopy/swapgs barriers and __user pointer sanitization
[    0.291210] Spectre V2 : Mitigation: Enhanced IBRS
[    0.292981] Spectre V2 : Spectre v2 / SpectreRSB mitigation: Filling RSB on context switch
[    0.294925] Speculative Store Bypass: Vulnerable
[    0.299373] Freeing SMP alternatives memory: 36K
[    0.307789] ftrace: allocating 32318 entries in 127 pages
[    0.403357] smpboot: APIC(0) Converting physical 0 to logical package 0
[    0.405978] smpboot: Max logical packages: 1
[    0.408171] x2apic enabled
[    0.410008] Switched APIC routing to physical x2apic.
[    0.414104] ..TIMER: vector=0x30 apic1=0 pin1=2 apic2=-1 pin2=-1
[    0.521252] smpboot: CPU0: Intel(R) Core(TM) i7-8565U CPU @ 1.80GHz (family: 0x6, model: 0x8e, stepping: 0xc)
[    0.525439] Performance Events: unsupported p6 CPU model 142 no PMU driver, software events only.
[    0.548953] KVM setup paravirtual spinlock
[    0.551923] x86: Booting SMP configuration:
[    0.553642] .... node  #0, CPUs:      #1
[    0.555574] kvm-clock: cpu 1, msr 0:3ffe3041, secondary cpu clock
[    0.559235] mce: CPU supports 0 MCE banks
[    0.562425] x86: Booted up 1 node, 2 CPUs
[    0.564467] smpboot: Total of 2 processors activated (7968.01 BogoMIPS)
[    0.567731] devtmpfs: initialized
[    0.573532] evm: security.selinux
[    0.574825] evm: security.SMACK64
[    0.575974] evm: security.SMACK64EXEC
[    0.577003] evm: security.SMACK64TRANSMUTE
[    0.578350] evm: security.SMACK64MMAP
[    0.579542] evm: security.ima
[    0.580452] evm: security.capability
[    0.582281] clocksource: jiffies: mask: 0xffffffff max_cycles: 0xffffffff, max_idle_ns: 7645041785100000 ns
[    0.586359] futex hash table entries: 512 (order: 3, 32768 bytes)
[    0.588926] pinctrl core: initialized pinctrl subsystem
[    0.591134] RTC time: 15:21:55, date: 10/15/19
[    0.598830] NET: Registered protocol family 16
[    0.610681] cpuidle: using governor ladder
[    0.622603] cpuidle: using governor menu
[    0.624924] PCCT header not found.
[    0.626941] ACPI: bus type PCI registered
[    0.628996] acpiphp: ACPI Hot Plug PCI Controller Driver version: 0.5
[    0.632007] PCI: Using configuration type 1 for base access
[    0.649005] ACPI: Added _OSI(Module Device)
[    0.651264] ACPI: Added _OSI(Processor Device)
[    0.653445] ACPI: Added _OSI(3.0 _SCP Extensions)
[    0.656008] ACPI: Added _OSI(Processor Aggregator Device)
[    0.660029] ACPI: Executed 1 blocks of module-level executable AML code
[    0.667411] ACPI: Interpreter enabled
[    0.669204] ACPI: (supports S0 S5)
[    0.671007] ACPI: Using IOAPIC for interrupt routing
[    0.673601] PCI: Using host bridge windows from ACPI; if necessary, use "pci=nocrs" and report a bug
[    0.684738] ACPI: PCI Root Bridge [PCI0] (domain 0000 [bus 00-ff])
[    0.687253] acpi PNP0A03:00: _OSC: OS supports [ASPM ClockPM Segments MSI]
[    0.690494] acpi PNP0A03:00: _OSC: not requesting OS control; OS requires [ExtendedConfig ASPM ClockPM MSI]
[    0.694529] acpi PNP0A03:00: fail to add MMCONFIG information, can't access extended PCI configuration space under this bridge.
[    0.699833] PCI host bridge to bus 0000:00
[    0.701620] pci_bus 0000:00: root bus resource [io  0x0000-0x0cf7 window]
[    0.704271] pci_bus 0000:00: root bus resource [io  0x0d00-0xffff window]
[    0.706965] pci_bus 0000:00: root bus resource [mem 0x000a0000-0x000bffff window]
[    0.710459] pci_bus 0000:00: root bus resource [mem 0x40000000-0xfdffffff window]
[    0.713747] pci_bus 0000:00: root bus resource [bus 00-ff]
[    0.719554] pci 0000:00:01.1: legacy IDE quirk: reg 0x10: [io  0x01f0-0x01f7]
[    0.722054] pci 0000:00:01.1: legacy IDE quirk: reg 0x14: [io  0x03f6]
[    0.724471] pci 0000:00:01.1: legacy IDE quirk: reg 0x18: [io  0x0170-0x0177]
[    0.727043] pci 0000:00:01.1: legacy IDE quirk: reg 0x1c: [io  0x0376]
[    0.754463] pci 0000:00:07.0: quirk: [io  0x4000-0x403f] claimed by PIIX4 ACPI
[    0.777012] pci 0000:00:07.0: quirk: [io  0x4100-0x410f] claimed by PIIX4 SMB
[    0.794933] ACPI: PCI Interrupt Link [LNKA] (IRQs 5 9 10 *11)
[    0.798673] ACPI: PCI Interrupt Link [LNKB] (IRQs 5 9 *10 11)
[    0.802893] ACPI: PCI Interrupt Link [LNKC] (IRQs 5 *9 10 11)
[    0.806210] ACPI: PCI Interrupt Link [LNKD] (IRQs 5 9 10 *11)
[    0.809849] ACPI: Enabled 2 GPEs in block 00 to 07
[    0.812717] vgaarb: setting as boot device: PCI:0000:00:02.0
[    0.814994] vgaarb: device added: PCI:0000:00:02.0,decodes=io+mem,owns=io+mem,locks=none
[    0.818343] vgaarb: loaded
[    0.819741] vgaarb: bridge control possible 0000:00:02.0
[    0.822338] SCSI subsystem initialized
[    0.824292] ACPI: bus type USB registered
[    0.826173] usbcore: registered new interface driver usbfs
[    0.828913] usbcore: registered new interface driver hub
[    0.831077] usbcore: registered new device driver usb
[    0.833587] PCI: Using ACPI for IRQ routing
[    0.835958] NetLabel: Initializing
[    0.837239] NetLabel:  domain hash size = 128
[    0.838705] NetLabel:  protocols = UNLABELED CIPSOv4
[    0.840481] NetLabel:  unlabeled traffic allowed by default
[    0.843173] amd_nb: Cannot enumerate AMD northbridges
[    0.845363] clocksource: Switched to clocksource kvm-clock
[    0.869492] AppArmor: AppArmor Filesystem Enabled
[    0.871389] pnp: PnP ACPI init
[    0.873499] pnp: PnP ACPI: found 3 devices
[    0.892182] clocksource: acpi_pm: mask: 0xffffff max_cycles: 0xffffff, max_idle_ns: 2085701024 ns
[    0.895350] NET: Registered protocol family 2
[    0.897090] TCP established hash table entries: 8192 (order: 4, 65536 bytes)
[    0.899475] TCP bind hash table entries: 8192 (order: 5, 131072 bytes)
[    0.901786] TCP: Hash tables configured (established 8192 bind 8192)
[    0.909538] UDP hash table entries: 512 (order: 2, 16384 bytes)
[    0.911726] UDP-Lite hash table entries: 512 (order: 2, 16384 bytes)
[    0.914231] NET: Registered protocol family 1
[    0.916068] pci 0000:00:00.0: Limiting direct PCI/PCI transfers
[    0.918412] pci 0000:00:01.0: Activating ISA DMA hang workarounds
[    0.920846] Unpacking initramfs...
[    1.433580] Freeing initrd memory: 14828K
[    1.434896] clocksource: tsc: mask: 0xffffffffffffffff max_cycles: 0x396d5809302, max_idle_ns: 881590667022 ns
[    1.437777] platform rtc_cmos: registered platform RTC device (no PNP device found)
[    1.440456] Scanning for low memory corruption every 60 seconds
[    1.443253] audit: initializing netlink subsys (disabled)
[    1.445122] audit: type=2000 audit(1571152922.165:1): initialized
[    1.447712] Initialise system trusted keyring
[    1.449994] HugeTLB registered 2 MB page size, pre-allocated 0 pages
[    1.454658] zbud: loaded
[    1.456524] VFS: Disk quotas dquot_6.6.0
[    1.458079] VFS: Dquot-cache hash table entries: 512 (order 0, 4096 bytes)
[    1.460990] squashfs: version 4.0 (2009/01/31) Phillip Lougher
[    1.463981] fuse init (API version 7.23)
[    1.465978] Key type big_key registered
[    1.467381] Allocating IMA MOK and blacklist keyrings.
[    1.479380] Key type asymmetric registered
[    1.481327] Asymmetric key parser 'x509' registered
[    1.483396] Block layer SCSI generic (bsg) driver version 0.4 loaded (major 249)
[    1.486722] io scheduler noop registered
[    1.488332] io scheduler deadline registered (default)
[    1.490477] io scheduler cfq registered
[    1.492195] pci_hotplug: PCI Hot Plug PCI Core version: 0.5
[    1.494576] pciehp: PCI Express Hot Plug Controller Driver version: 0.4
[    1.497282] ACPI: AC Adapter [AC] (off-line)
[    1.499453] input: Power Button as /devices/LNXSYSTM:00/LNXPWRBN:00/input/input0
[    1.502497] ACPI: Power Button [PWRF]
[    1.504240] input: Sleep Button as /devices/LNXSYSTM:00/LNXSLPBN:00/input/input1
[    1.507404] ACPI: Sleep Button [SLPF]
[    1.510617] ACPI: Battery Slot [BAT0] (battery present)
[    1.512638] GHES: HEST is not enabled!
[    1.514501] Serial: 8250/16550 driver, 32 ports, IRQ sharing enabled
[    1.538226] 00:02: ttyS0 at I/O 0x3f8 (irq = 4, base_baud = 115200) is a 16550A
[    1.543255] Linux agpgart interface v0.103
[    1.548739] loop: module loaded
[    1.551564] scsi host0: ata_piix
[    1.553500] scsi host1: ata_piix
[    1.555079] ata1: PATA max UDMA/33 cmd 0x1f0 ctl 0x3f6 bmdma 0xd000 irq 14
[    1.557502] ata2: PATA max UDMA/33 cmd 0x170 ctl 0x376 bmdma 0xd008 irq 15
[    1.560345] libphy: Fixed MDIO Bus: probed
[    1.562189] tun: Universal TUN/TAP device driver, 1.6
[    1.564196] tun: (C) 1999-2004 Max Krasnyansky <maxk@qualcomm.com>
[    1.566861] PPP generic driver version 2.4.2
[    1.568769] ehci_hcd: USB 2.0 'Enhanced' Host Controller (EHCI) Driver
[    1.571239] ehci-pci: EHCI PCI platform driver
[    1.573034] ehci-platform: EHCI generic platform driver
[    1.575137] ohci_hcd: USB 1.1 'Open' Host Controller (OHCI) Driver
[    1.577519] ohci-pci: OHCI PCI platform driver
[    1.579497] ohci-platform: OHCI generic platform driver
[    1.581543] uhci_hcd: USB Universal Host Controller Interface driver
[    1.584186] i8042: PNP: PS/2 Controller [PNP0303:PS2K,PNP0f03:PS2M] at 0x60,0x64 irq 1,12
[    1.588548] serio: i8042 KBD port at 0x60,0x64 irq 1
[    1.590717] serio: i8042 AUX port at 0x60,0x64 irq 12
[    1.593417] mousedev: PS/2 mouse device common for all mice
[    1.596367] rtc_cmos rtc_cmos: rtc core: registered rtc_cmos as rtc0
[    1.598996] rtc_cmos rtc_cmos: alarms up to one day, 114 bytes nvram
[    1.601600] input: AT Translated Set 2 keyboard as /devices/platform/i8042/serio0/input/input2
[    1.605168] i2c /dev entries driver
[    1.606804] device-mapper: uevent: version 1.0.3
[    1.608630] device-mapper: ioctl: 4.34.0-ioctl (2015-10-28) initialised: dm-devel@redhat.com
[    1.611328] ledtrig-cpu: registered to indicate activity on CPUs
[    1.614452] NET: Registered protocol family 10
[    1.616171] NET: Registered protocol family 17
[    1.617365] Key type dns_resolver registered
[    1.619777] registered taskstats version 1
[    1.621475] Loading compiled-in X.509 certificates
[    1.624513] Loaded X.509 cert 'Build time autogenerated kernel key: 0ed82eac04367aa6426493b1389455ebf6830eaa'
[    1.628363] zswap: loaded using pool lzo/zbud
[    1.633690] Key type trusted registered
[    1.641312] Key type encrypted registered
[    1.643093] AppArmor: AppArmor sha1 policy hashing enabled
[    1.645203] ima: No TPM chip found, activating TPM-bypass!
[    1.647400] ima: Allocated hash algorithm: sha1
[    1.649198] evm: HMAC attrs: 0x1
[    1.651383]   Magic number: 7:565:386
[    1.652974] thermal cooling_device1: hash matches
[    1.655146] rtc_cmos rtc_cmos: setting system clock to 2019-10-15 15:21:56 UTC (1571152916)
[    1.658757] BIOS EDD facility v0.16 2004-Jun-25, 0 devices found
[    1.660957] EDD information not available.
[    1.722409] Freeing unused kernel memory: 1484K
[    1.725774] Write protecting the kernel read-only data: 14336k
[    1.730929] Freeing unused kernel memory: 1608K
[    1.734359] Freeing unused kernel memory: 64K
Loading, please wait...
starting version 229
[    1.772477] random: systemd-udevd: uninitialized urandom read (16 bytes read, 3 bits of entropy available)
[    1.774168] random: udevadm: uninitialized urandom read (16 bytes read, 3 bits of entropy available)
[    1.774221] random: udevadm: uninitialized urandom read (16 bytes read, 3 bits of entropy available)
[    1.787686] random: systemd-udevd: uninitialized urandom read (16 bytes read, 3 bits of entropy available)
[    1.791014] random: udevadm: uninitialized urandom read (16 bytes read, 3 bits of entropy available)
[    1.791102] random: udevadm: uninitialized urandom read (16 bytes read, 3 bits of entropy available)
[    1.791429] random: udevadm: uninitialized urandom read (16 bytes read, 3 bits of entropy available)
[    1.791541] random: udevadm: uninitialized urandom read (16 bytes read, 3 bits of entropy available)
[    1.791639] random: udevadm: uninitialized urandom read (16 bytes read, 3 bits of entropy available)
[    1.791735] random: udevadm: uninitialized urandom read (16 bytes read, 3 bits of entropy available)
[    1.885766] Fusion MPT base driver 3.04.20
[    1.887519] Copyright (c) 1999-2008 LSI Corporation
[    1.889345] e1000: Intel(R) PRO/1000 Network Driver - version 7.3.21-k8-NAPI
[    1.891681] e1000: Copyright (c) 1999-2006 Intel Corporation.
[    1.933143] Fusion MPT SPI Host driver 3.04.20
[    1.938121] AVX2 version of gcm_enc/dec engaged.
[    1.939817] AES CTR mode by8 optimization enabled
[    2.127013] input: ImExPS/2 Generic Explorer Mouse as /devices/platform/i8042/serio1/input/input4
[    2.459654] e1000 0000:00:03.0 eth0: (PCI:33MHz:32-bit) 02:0e:9b:2d:5b:92
[    2.461634] e1000 0000:00:03.0 eth0: Intel(R) PRO/1000 Network Connection
[    2.464644] mptbase: ioc0: Initiating bringup
[    3.014343] ioc0: LSI53C1030 A0: Capabilities={Initiator}
[    3.993843] scsi host2: ioc0: LSI53C1030 A0, FwRev=00000000h, Ports=1, MaxQ=256, IRQ=20
[    4.514784] scsi 2:0:0:0: Direct-Access     VBOX     HARDDISK         1.0  PQ: 0 ANSI: 5
[    4.522192] scsi target2:0:0: Beginning Domain Validation
[    4.534671] scsi target2:0:0: Domain Validation skipping write tests
[    4.538755] scsi target2:0:0: Ending Domain Validation
[    4.542689] scsi target2:0:0: asynchronous
[    4.550101] scsi 2:0:1:0: Direct-Access     VBOX     HARDDISK         1.0  PQ: 0 ANSI: 5
[    4.557274] scsi target2:0:1: Beginning Domain Validation
[    4.568152] scsi target2:0:1: Domain Validation skipping write tests
[    4.572941] scsi target2:0:1: Ending Domain Validation
[    4.577491] scsi target2:0:1: asynchronous
[    4.600468] sd 2:0:0:0: Attached scsi generic sg0 type 0
[    4.632225] sd 2:0:0:0: [sda] 20971520 512-byte logical blocks: (10.7 GB/10.0 GiB)
[    4.634783] sd 2:0:0:0: [sda] Write Protect is off
[    4.636189] sd 2:0:0:0: [sda] Incomplete mode parameter data
[    4.637761] sd 2:0:0:0: [sda] Assuming drive cache: write through
[    4.640070] sd 2:0:1:0: Attached scsi generic sg1 type 0
[    4.641706] sd 2:0:1:0: [sdb] 20480 512-byte logical blocks: (10.5 MB/10.0 MiB)
[    4.643900] sd 2:0:1:0: [sdb] Write Protect is off
[    4.645331] sd 2:0:1:0: [sdb] Incomplete mode parameter data
[    4.646764] sd 2:0:1:0: [sdb] Assuming drive cache: write through
[    4.648363]  sda: sda1
[    4.651173] sd 2:0:0:0: [sda] Attached SCSI disk
[    4.656801] sd 2:0:1:0: [sdb] Attached SCSI disk
[    4.957297] e1000 0000:00:08.0 eth1: (PCI:33MHz:32-bit) 08:00:27:03:94:f3
[    4.959879] e1000 0000:00:08.0 eth1: Intel(R) PRO/1000 Network Connection
[    4.963782] e1000 0000:00:03.0 enp0s3: renamed from eth0
[    4.982390] e1000 0000:00:08.0 enp0s8: renamed from eth1
Begin: Loading essential drivers ... [    6.651589] md: linear personality registered for level -1
[    6.657784] md: multipath personality registered for level -4
[    6.663400] md: raid0 personality registered for level 0
[    6.671802] md: raid1 personality registered for level 1
[    6.745840] raid6: sse2x1   gen()  3931 MB/s
[    6.813429] raid6: sse2x1   xor()  3671 MB/s
[    6.881584] raid6: sse2x2   gen()  9316 MB/s
[    6.949422] raid6: sse2x2   xor()  4203 MB/s
[    7.017736] raid6: sse2x4   gen()  6897 MB/s
[    7.085417] raid6: sse2x4   xor()  4343 MB/s
[    7.153400] raid6: avx2x1   gen()  8969 MB/s
[    7.221592] raid6: avx2x2   gen() 11406 MB/s
[    7.289472] raid6: avx2x4   gen() 12685 MB/s
[    7.291229] raid6: using algorithm avx2x4 gen() 12685 MB/s
[    7.293394] raid6: using avx2x2 recovery algorithm
[    7.297937] xor: automatically using best checksumming function:
[    7.337387]    avx       : 10580.000 MB/sec
[    7.341568] async_tx: api initialized (async)
[    7.363947] md: raid6 personality registered for level 6
[    7.366198] md: raid5 personality registered for level 5
[    7.368337] md: raid4 personality registered for level 4
[    7.382416] md: raid10 personality registered for level 10
done.
Begin: Running /scripts/init-premount ... done.
Begin: Mounting root file system ... Begin: Running /scripts/local-top ... done.
Begin: Running /scripts/local-premount ... [    7.435049] Btrfs loaded
Scanning for Btrfs filesystems
done.
Warning: fsck not present, so skipping root file system
[    7.555547] EXT4-fs (sda1): mounted filesystem with ordered data mode. Opts: (null)
done.
Begin: Running /scripts/local-bottom ... done.
Begin: Running /scripts/init-bottom ... done.
[    7.764542] systemd[1]: systemd 229 running in system mode. (+PAM +AUDIT +SELINUX +IMA +APPARMOR +SMACK +SYSVINIT +UTMP +LIBCRYPTSETUP +GCRYPT +GNUTLS +ACL +XZ -LZ4 +SECCOMP +BLKID +ELFUTILS +KMOD -IDN)
[    7.774663] systemd[1]: Detected virtualization oracle.
[    7.777954] systemd[1]: Detected architecture x86-64.

Welcome to [1mUbuntu 16.04.6 LTS[0m!

[    7.786021] systemd[1]: Set hostname to <ubuntu>.
[    7.793243] systemd[1]: Initializing machine ID from random generator.
[    7.797125] systemd[1]: Installed transient /etc/machine-id file.
[    7.969585] systemd[1]: Set up automount Arbitrary Executable File Formats File System Automount Point.
[[0;32m  OK  [0m] Set up automount Arbitrary Executab...ats File System Automount Point.
[    7.981708] systemd[1]: Listening on udev Kernel Socket.
[[0;32m  OK  [0m] Listening on udev Kernel Socket.
[    7.994297] systemd[1]: Listening on LVM2 metadata daemon socket.
[[0;32m  OK  [0m] Listening on LVM2 metadata daemon socket.
[    7.999550] systemd[1]: Created slice System Slice.
[[0;32m  OK  [0m] Created slice System Slice.
[    8.014341] systemd[1]: Listening on Journal Socket (/dev/log).
[[0;32m  OK  [0m] Listening on Journal Socket (/dev/log).
[    8.026548] systemd[1]: Listening on LVM2 poll daemon socket.
[[0;32m  OK  [0m] Listening on LVM2 poll daemon socket.
[    8.038056] systemd[1]: Reached target Encrypted Volumes.
[[0;32m  OK  [0m] Reached target Encrypted Volumes.
[    8.043474] systemd[1]: Reached target System Time Synchronized.
[[0;32m  OK  [0m] Reached target System Time Synchronized.
[    8.049484] systemd[1]: Listening on Syslog Socket.
[[0;32m  OK  [0m] Listening on Syslog Socket.
[    8.062600] systemd[1]: Listening on /dev/initctl Compatibility Named Pipe.
[[0;32m  OK  [0m] Listening on /dev/initctl Compatibility Named Pipe.
[    8.068928] systemd[1]: Reached target User and Group Name Lookups.
[[0;32m  OK  [0m] Reached target User and Group Name Lookups.
[    8.075322] systemd[1]: Reached target Swap.
[[0;32m  OK  [0m] Reached target Swap.
[    8.080114] systemd[1]: Started Trigger resolvconf update for networkd DNS.
[[0;32m  OK  [0m] Started Trigger resolvconf update for networkd DNS.
[    8.087301] systemd[1]: Created slice User and Session Slice.
[[0;32m  OK  [0m] Created slice User and Session Slice.
[    8.093168] systemd[1]: Reached target Slices.
[[0;32m  OK  [0m] Reached target Slices.
[    8.097991] systemd[1]: Listening on udev Control Socket.
[[0;32m  OK  [0m] Listening on udev Control Socket.
[    8.110778] systemd[1]: Listening on Device-mapper event daemon FIFOs.
[[0;32m  OK  [0m] Listening on Device-mapper event daemon FIFOs.
[    8.123257] systemd[1]: Created slice system-serial\x2dgetty.slice.
[[0;32m  OK  [0m] Created slice system-serial\x2dgetty.slice.
[    8.129257] systemd[1]: Listening on Journal Socket.
[[0;32m  OK  [0m] Listening on Journal Socket.
[    8.145886] systemd[1]: Starting Uncomplicated firewall...
         Starting Uncomplicated firewall...
[    8.211107] systemd[1]: Starting Load Kernel Modules...
         Starting Load Kernel Modules...
[    8.220065] systemd[1]: Starting Remount Root and Kernel File Systems...
         Starting Remount Root and Kernel File Systems...
[    8.233138] systemd[1]: Starting Set console keymap...
         Starting Set console keymap...
[    8.244237] EXT4-fs (sda1): re-mounted. Opts: (null)
[    8.248367] Loading iSCSI transport class v2.0-870.
[    8.250314] systemd[1]: Starting Monitoring of LVM2 mirrors, snapshots etc. using dmeventd or progress polling...
         Starting Monitoring of LVM2 mirrors... dmeventd or progress polling...
[    8.263497] systemd[1]: Starting Nameserver information manager...
         Starting Nameserver information manager...
[    8.292157] systemd[1]: Mounting POSIX Message Queue File System...
[ 
 8.298978] iscsi: registered transport (tcp)
         Mounting POSIX Message Queue File System...
[    8.346153] systemd[1]: Starting Create list of required static device nodes for the current kernel...
         Starting Create list of required st... nodes for the current kernel...
[    8.363869] systemd[1]: Mounting Debug File System...
         Mounting Debug File System...
[    8.375174] systemd[1]: Mounting Huge Pages File System...
         Mounting Huge Pages File System...
[    8.388127] systemd[1]: Started Forward Password Requests to Wall Directory Watch.
[[0;32m  OK  [0m] Started Forward Password Requests to Wall Directory Watch.
[    8.399899] systemd[1]: Listening on Journal Audit Socket.
[[0;32m  OK  [0m] Listening on Journal Audit Socket.
[    8.422820] systemd[1]: Starting Journal Service...
         Starting Journal Service...
[    8.432886] iscsi: registered transport (iser)
[    8.433126] systemd[1]: Mounted POSIX Message Queue File System.
[[0;32m  OK  [0m] Mounted POSIX Message Queue File System.
[    8.458613] systemd[1]: Mounted Debug File System.
[[0;32m  OK  [0m] Mounted Debug File System.
[    8.468197] systemd[1]: Mounted Huge Pages File System.
[[0;32m  OK  [0m] Mounted Huge Pages File System.
[    8.475223] systemd[1]: Started Uncomplicated firewall.
[[0;32m  OK  [0m] Started Uncomplicated firewall.
[    8.482379] systemd[1]: Started Load Kernel Modules.
[[0;32m  OK  [0m] Started Load Kernel Modules.
[    8.489174] systemd[1]: Started Remount Root and Kernel File Systems.
[[0;32m  OK  [0m] Started Remount Root and Kernel File Systems.
[    8.504162] systemd[1]: Started Set console keymap.
[[0;32m  OK  [0m] Started Set console keymap.
[    8.536184] systemd[1]: Started Create list of required static device nodes for the current kernel.
[    8.542536] random: nonblocking pool is initialized
[[0;32m  OK  [0m] Started Create list of required sta...ce nodes for the current kernel.
[    8.551457] systemd[1]: Started Journal Service.
[[0;32m  OK  [0m] Started Journal Service.
[[0;32m  OK  [0m] Started Nameserver information manager.
[[0;32m  OK  [0m] Started LVM2 metadata daemon.
         Starting Create Static Device Nodes in /dev...
         Starting Load/Save Random Seed...
         Starting Flush Journal to Persistent Storage...
         Starting udev Coldplug all Devices...
         Starting Apply Kernel Variables...
         Mounting FUSE Control File System...
[[0;32m  OK  [0m] Mounted FUSE Control File System.
[[0;32m  OK  [0m] Started Create Static Device Nodes in /dev.
[[0;32m  OK  [0m] Started Load/Save Random Seed.
[[0;32m  OK  [0m] Started Apply Kernel Variables.
[[0;32m  OK  [0m] Started udev Coldplug all Devices.
         Starting udev Kernel Device Manager...
[[0;32m  OK  [0m] Started Flush Journal to Persistent Storage.
[[0;32m  OK  [0m] Started udev Kernel Device Manager.
[[0;32m  OK  [0m] Started Dispatch Password Requests to Console Directory Watch.
[[0;32m  OK  [0m] Started Monitoring of LVM2 mirrors,...ng dmeventd or progress polling.
[[0;32m  OK  [0m] Reached target Local File Systems (Pre).
[[0;32m  OK  [0m] Reached target Local File Systems.
         Starting Tell Plymouth To Write Out Runtime Data...
         Starting Set console font and keymap...
         Starting Create Volatile Files and Directories...
         Starting LSB: AppArmor initialization...
         Starting Commit a transient machine-id on disk...
         Starting Initial cloud-init job (pre-networking)...
[[0;32m  OK  [0m] Started Tell Plymouth To Write Out Runtime Data.
[[0;32m  OK  [0m] Started Create Volatile Files and Directories.
         Starting Update UTMP about System Boot/Shutdown...
[[0;32m  OK  [0m] Started Commit a transient machine-id on disk.
[[0;32m  OK  [0m] Started Update UTMP about System Boot/Shutdown.
[[0;32m  OK  [0m] Found device /dev/ttyS0.
[[0;32m  OK  [0m] Listening on Load/Save RF Kill Switch Status /dev/rfkill Watch.
[[0;32m  OK  [0m] Started LSB: AppArmor initialization.
[   10.805502] cloud-init[495]: Cloud-init v. 19.2-36-g059d049c-0ubuntu1~16.04.1 running 'init-local' at Tue, 15 Oct 2019 15:22:05 +0000. Up 10.11 seconds.
[[0;32m  OK  [0m] Started Initial cloud-init job (pre-networking).
[[0;32m  OK  [0m] Reached target Network (Pre).
         Starting Raise network interfaces...
[[0;32m  OK  [0m] Started Set console font and keymap.
[[0;32m  OK  [0m] Created slice system-getty.slice.
[[0;32m  OK  [0m] Started Raise network interfaces.
[[0;32m  OK  [0m] Reached target Network.
         Starting Initial cloud-init job (metadata service crawler)...
[   13.565417] cloud-init[965]: Cloud-init v. 19.2-36-g059d049c-0ubuntu1~16.04.1 running 'init' at Tue, 15 Oct 2019 15:22:07 +0000. Up 12.38 seconds.
[   13.576850] cloud-init[965]: ci-info: ++++++++++++++++++++++++++++++++++++++Net device info++++++++++++++++++++++++++++++++++++++
[   13.588727] cloud-init[965]: ci-info: +--------+-------+---------------------------+---------------+--------+-------------------+
[   13.591571] cloud-init[965]: ci-info: | Device |   Up  |          Address          |      Mask     | Scope  |     Hw-Address    |
[   13.594842] cloud-init[965]: ci-info: +--------+-------+---------------------------+---------------+--------+-------------------+
[   13.597609] cloud-init[965]: ci-info: | enp0s3 |  True |         10.0.2.15         | 255.255.255.0 | global | 02:0e:9b:2d:5b:92 |
[   13.608712] cloud-init[965]: ci-info: | enp0s3 |  True | fe80::e:9bff:fe2d:5b92/64 |       .       |  link  | 02:0e:9b:2d:5b:92 |
[   13.621241] cloud-init[965]: ci-info: | enp0s8 | False |             .             |       .       |   .    | 08:00:27:03:94:f3 |
[   13.624340] cloud-init[965]: ci-info: |   lo   |  True |         127.0.0.1         |   255.0.0.0   |  host  |         .         |
[   13.636865] cloud-init[965]: ci-info: |   lo   |  True |          ::1/128          |       .       |  host  |         .         |
[   13.639916] cloud-init[965]: ci-info: +--------+-------+---------------------------+---------------+--------+-------------------+
[   13.648917] cloud-init[965]: ci-info: +++++++++++++++++++++++++++Route IPv4 info++++++++++++++++++++++++++++
[   13.650937] cloud-init[965]: ci-info: +-------+-------------+----------+---------------+-----------+-------+
[   13.661242] cloud-init[965]: ci-info: | Route | Destination | Gateway  |    Genmask    | Interface | Flags |
[   13.672799] [[0;32m  OK  [0m] Started Initial cloud-init job (metadata service crawler).
cloud-init[965]: ci-info: +-------+-------------+----------+---------------+-----------+-------+
[[0;32m  OK  [0m] Reached target Cloud-config availability.
[[0;32m  OK  [0m] Reached target System Initialization.
[[0;32m  OK  [0m] Started Daily apt download activities.
         Starting Socket activation for snappy daemon.
[   13.674834] cloud-init[965]: ci-info: |   0   |   0.0.0.0   | 10.0.2.2 |    0.0.0.0    |   enp0s3  |   UG  |
[   13.685174] cloud-init[965]: ci-info: |   1   |   10.0.2.0  | 0.0.0.0  | 255.255.255.0 |   enp0s3  |   U   |
[   13.687018] cloud-init[965]: ci-info: +-------+-------------+----------+---------------+-----------+-------+
[   13.688889] cloud-init[965]: ci-info: +++++++++++++++++++Route IPv6 info+++++++++++++++++++
[   13.690509] cloud-init[965]: ci-info: +-------+-------------+---------+-----------+-------+
[   13.696433] cloud-init[965]: ci-info: | Route | Destination | Gateway | Interface | Flags |
[   13.697980] cloud-init[965]: ci-info: +-------+-------------+---------+-----------+-------+
[   13.704509] cloud-init[965]: ci-info: |   0   |  fe80::/64  |    ::   |   enp0s3  |   U   |
[   13.706066] cloud-init[965]: ci-info: |   3   |   ff00::/8  |    ::   |   enp0s3  |   U   |
[   13.712910] cloud-init[965]: ci-info: +-------+-------------+---------+-----------+-------+
[   13.714800] cloud-init[965]: Generating public/private rsa key pair.
[   13.721395] cloud-init[965]: Your identification has been saved in /etc/ssh/ssh_host_rsa_key.
[   13.723010] cloud-init[965]: Your public key has been saved in /etc/ssh/ssh_host_rsa_key.pub.
[   13.724497] cloud-init[965]: The key fingerprint is:
[   13.725643] cloud-init[965]: SHA256:fiUT/ZeFI94hYawyWYMpDZv+91gDArggAKgLUbo81To root@ubuntu-xenial
[   13.727404] cloud-init[965]: The key's randomart image is:
         Starting LXD - unix socket.
[[0;32m  OK  [0m] Started Daily apt upgrade and clean activities.
[[0;32m  OK  [0m] Listening on ACPID Listen Socket.
[   13.732964] cloud-init[965]: +---[RSA 2048]----+
[   13.736696] cloud-init[965]: |=..   .o o .o    |
[   13.736764] cloud-init[965]: |+.  ...o+ oo.. . |
[   13.737035] cloud-init[965]: |+.....+. o.o+ + .|
[   13.737349] cloud-init[965]: |+o...o .+ .o = oo|
[   13.737404] cloud-init[965]: |o+ E. . So+ o o..|
[   13.737458] cloud-init[965]: |. . .  o . =   . |
[   13.737539] cloud-init[965]: |        o o o    |
[   13.737832] cloud-init[965]: |         o + .   |
[   13.738029] cloud-init[965]: |          . .    |
[   13.738316] cloud-init[965]: +----[SHA256]-----+
[   13.738372] cloud-init[965]: Generating public/private dsa key pair.
[   13.738495] cloud-init[965]: Your identification has been saved in /etc/ssh/ssh_host_dsa_key.
[   13.738937] cloud-init[965]: Your public key has been saved in /etc/ssh/ssh_host_dsa_key.pub.
[   13.739250] cloud-init[965]: The key fingerprint is:
[   13.739539] cloud-init[965]: SHA256:IyQQrEy6qkWUrM0wEFMFS7tD5LtGRqE57adCHwoAj40 root@ubuntu-xenial
[   13.739654] cloud-init[965]: The key's randomart image is:
[   13.739714] cloud-init[965]: +---[DSA 1024]----+
[   13.739778] cloud-init[965]: [[0;32m  OK  [0m] Listening on D-Bus System Message Bus Socket.
[[0;32m  OK  [0m] Listening on UUID daemon activation socket.
[[0;32m  OK  [0m] Started Daily Cleanup of Temporary Directories.
[[0;32m  OK  [0m] Reached target Timers.
|=+O+.            |
[   13.756479] cloud-init[965]: |o/.*             |
[   13.760220] cloud-init[965]: |E.& . .          |
[   13.760312] cloud-init[965]: |+& o o           |
[   13.760370] cloud-init[965]: |oo@.. . S        |
[   13.760451] cloud-init[965]: |++o=.  . .       |
[   13.760670] cloud-init[965]: |o.=.             |
[   13.761058] cloud-init[965]: |.+               |
[   13.761124] cloud-init[965]: |o                |
[   13.761355] cloud-init[965]: +----[SHA256]-----+
[   13.761440] cloud-init[965]: Generating public/private ecdsa key pair.
[   13.762080] cloud-init[965]: Your identification has been saved in /etc/ssh/ssh_host_ecdsa_key.
[   13.762141] cloud-init[965]: Your public key has been saved in /etc/ssh/ssh_host_ecdsa_key.pub.
[   13.762258] cloud-init[965]: The key fingerprint is:
[   13.762817] cloud-init[965]: SHA256:NF/D1BAMPvTQ9HeWlTrwdt/kfetJ2IdvyUoa4rspGc0 root@ubuntu-xenial
[   13.762892] cloud-init[965]: The key's randomart image is:
[   13.763307] cloud-init[965]: +---[ECDSA 256]---+
[   13.763378] cloud-init[965]: |          +==+  o|
[[0;32m  OK  [0m] Started ACPI Events Check.
[[0;32m  OK  [0m] Reached target Paths.
[[0;32m  OK  [0m] Reached target Network is Online.
[   13.763904] cloud-init[965]: |         o *o...o|
[   13.772343] cloud-init[965]: |        o o B o.+|
         Starting iSCSI initiator daemon (iscsid)...
[   13.781406] cloud-init[965]: |       . o o * +o|
[[0;32m  OK  [0m] Listening on Socket activation for snappy daemon.
[[0;32m  OK  [0m] Listening on LXD - unix socket.
[   13.784027] cloud-init[965]: |        S . . oo+|
[[0;32m  OK  [0m] Reached target Sockets.
[   13.791720] cloud-init[[0;32m  OK  [0m] Reached target Basic System.
[965]: |       . E    o.*|
[   13.793463] cloud-init[965]: |        o. . ooo=|
[   13.804967] cloud-init[965]: |       o. o + .=+|
[   13.805247] cloud-init[965]: |        .=o. .o+.|
[   13.805349] cloud-init[965]: +----[SHA256]-----+
[   13.805902] cloud-init[965]: Generating public/private ed25519 key pair.
[   13.806177] cloud-init[965]: Your identification has been saved in /etc/ssh/ssh_host_ed25519_key.
[   13.806588] cloud-init[965]: Your public key has been saved in /etc/ssh/ssh_host_ed25519_key.pub.
[[0;32m  OK  [0m] Started ACPI event daemon.
[   13.806756] cloud-init[965]: The key fingerprint is:
[   13.818514] cloud-init[965]: SHA256:T6qRNuwcNstc51qSYsnJiByfwE/Vc+atxUXe+uZKW2I root@ubuntu-xenial
[   13.820343] cloud-init[965]: The key's randomart image is:
[   13.828754] cloud-init[965]: +--[ED25519 256]--+
[   13.829163] cloud-init[965]: |              .  |
[   13.829646] cloud-init[965]: |       .     o . |
[   13.830284] cloud-init[965]: |      . o o   o .|
[   13.830820] cloud-init[965]: | .   .   = o . . |
[   13.831213] cloud-init[965]: |  + .   S o + .  |
[   13.831578] cloud-init[965]: | . B * + = o   . |
[   13.831653] cloud-init[965]: |  o = ^ = =   E +|
[   13.832195] cloud-init[965]: |     O X =   o * |
[   13.832260] cloud-init[965]: |      B ...   o..|
[   13.832427] cloud-init[965]: +----[SHA256]-----+
         Starting /etc/rc.local Compatibility...
[[0;32m  OK  [0m] Started Deferred execution scheduler.
         Starting LSB: MD monitoring daemon...
         Starting LXD - container startup/shutdown...
[[0;32m  OK  [0m] Started FUSE filesystem for LXC.
         Starting Pollinate to seed the pseudo random number generator...
         Starting Snappy daemon...
         Starting LSB: Record successful boot for GRUB...
         Starting Login Service...
         Starting Accounts Service...
         Starting System Logging Service...
         Starting Virtualbox guest utils...
[[0;32m  OK  [0m] Started D-Bus System Message Bus.
[[0;32m  OK  [0m] Started Regular background program processing daemon.
[[0;32m  OK  [0m] Started System Logging Service.
[[0;32m  OK  [0m] Started /etc/rc.local Compatibility.
[[0;32m  OK  [0m] Started iSCSI initiator daemon (iscsid).
[[0;32m  OK  [0m] Started LXD - container startup/shutdown.
[[0;32m  OK  [0m] Started LSB: MD monitoring daemon.
[[0;32m  OK  [0m] Started Login Service.
[[0;32m  OK  [0m] Started Unattended Upgrades Shutdown.
         Starting Authenticate and Authorize Users to Run Privileged Tasks...
         Starting Login to default iSCSI targets...
[[0;32m  OK  [0m] Started LSB: Record successful boot for GRUB.
[[0;32m  OK  [0m] Started Login to default iSCSI targets.
[[0;32m  OK  [0m] Started Authenticate and Authorize Users to Run Privileged Tasks.
[[0;32m  OK  [0m] Started Accounts Service.
[[0;32m  OK  [0m] Started Virtualbox guest utils.
[[0;32m  OK  [0m] Reached target Remote File Systems (Pre).
[[0;32m  OK  [0m] Reached target Remote File Systems.
         Starting LSB: Set the CPU Frequency Scaling governor to "ondemand"...
         Starting Permit User Sessions...
         Starting LSB: automatic crash report generation...
         Starting LSB: daemon to balance interrupts for SMP systems...
[[0;32m  OK  [0m] Started Permit User Sessions.
         Starting Hold until boot process finishes up...
         Starting Terminate Plymouth Boot Screen...
[[0;32m  OK  [0m] Started LSB: Set the CPU Frequency Scaling governor to "ondemand".
[[0;32m  OK  [0m] Started Hold until boot process finishes up.
[[0;32m  OK  [0m] Started Getty on tty1.
         Starting Set console scheme...
[[0;32m  OK  [0m] Started Serial Getty on ttyS0.
[[0;32m  OK  [0m] Reached target Login Prompts.
[[0;32m  OK  [0m] Started LSB: daemon to balance interrupts for SMP systems.
[[0;32m  OK  [0m] Started Terminate Plymouth Boot Screen.
[[0;32m  OK  [0m] Started Snappy daemon.
[[0;32m  OK  [0m] Started LSB: automatic crash report generation.
[[0;32m  OK  [0m] Started Set console scheme.
         Starting Wait until snapd is fully seeded...
[[0;32m  OK  [0m] Started Pollinate to seed the pseudo random number generator.
         Starting OpenBSD Secure Shell server...
[[0;32m  OK  [0m] Started OpenBSD Secure Shell server.
[[0;32m  OK  [0m] Created slice User Slice of vagrant.
         Starting User Manager for UID 1000...
[[0;32m  OK  [0m] Started Session 1 of user vagrant.
[[0;32m  OK  [0m] Started User Manager for UID 1000.
[[0;32m  OK  [0m] Started Wait until snapd is fully seeded.
         Starting Apply the settings specified in cloud-config...
[[0;32m  OK  [0m] Reached target Multi-User System.
[[0;32m  OK  [0m] Reached target Graphical Interface.
         Starting Update UTMP about System Runlevel Changes...
[[0;32m  OK  [0m] Started Update UTMP about System Runlevel Changes.
[   19.482540] cloud-init[1389]: Generating locales (this might take a while)...

Ubuntu 16.04.6 LTS ubuntu-xenial ttyS0

ubuntu-xenial login: [   20.922130] cloud-init[1389]:   en_US.UTF-8... done
[   20.923349] cloud-init[1389]: Generation complete.
[   21.373881] cloud-init[1389]: Cloud-init v. 19.2-36-g059d049c-0ubuntu1~16.04.1 running 'modules:config' at Tue, 15 Oct 2019 15:22:14 +0000. Up 19.17 seconds.
ci-info: no authorized ssh keys fingerprints found for user ubuntu.
<14>Oct 15 15:22:17 ec2: 
<14>Oct 15 15:22:17 ec2: #############################################################
<14>Oct 15 15:22:17 ec2: -----BEGIN SSH HOST KEY FINGERPRINTS-----
<14>Oct 15 15:22:17 ec2: 1024 SHA256:IyQQrEy6qkWUrM0wEFMFS7tD5LtGRqE57adCHwoAj40 root@ubuntu-xenial (DSA)
<14>Oct 15 15:22:17 ec2: 256 SHA256:NF/D1BAMPvTQ9HeWlTrwdt/kfetJ2IdvyUoa4rspGc0 root@ubuntu-xenial (ECDSA)
<14>Oct 15 15:22:17 ec2: 256 SHA256:T6qRNuwcNstc51qSYsnJiByfwE/Vc+atxUXe+uZKW2I root@ubuntu-xenial (ED25519)
<14>Oct 15 15:22:17 ec2: 2048 SHA256:fiUT/ZeFI94hYawyWYMpDZv+91gDArggAKgLUbo81To root@ubuntu-xenial (RSA)
<14>Oct 15 15:22:17 ec2: -----END SSH HOST KEY FINGERPRINTS-----
<14>Oct 15 15:22:17 ec2: #############################################################
-----BEGIN SSH HOST KEY KEYS-----
ecdsa-sha2-nistp256 AAAAE2VjZHNhLXNoYTItbmlzdHAyNTYAAAAIbmlzdHAyNTYAAABBBFo4ufyfjx/V8uooeEe4mfeUW4NdS6wL5u2eUBP66meYsCe0uLQeatQBiyk7upsAukuYK2dhKlUHE28eWcq5tqo= root@ubuntu-xenial
ssh-ed25519 AAAAC3NzaC1lZDI1NTE5AAAAIAt8eDy/wYv9w++hbfHDZGvPBNS6Q/660I7EBY2hFPrT root@ubuntu-xenial
ssh-rsa AAAAB3NzaC1yc2EAAAADAQABAAABAQC2g4eA96ZUl2ajzoZNSasKKz2gOz3c0RDWkzpcPsjSnoVYaXSHXbQe0vA+nKEfoK6Gxwo4JsdjN1O9DkyykECebsRU+Ym7Oa7S37p573MZvx1Tubg2/rcGSzlj+TS6N2w/9R6Qg5v1diRAnSU6DSW34Uxjoo2keBkCFt5yYaQC26gmiDuntMac5/mIUNEppV9Ds6fyk6v5LWkWRlBVJEIbHzbgsH6MQ2otXfK48cx7Ub16C+QnOcxU9N9xvlwn9Ybyq1Uxb33X0LqXn4eeU5ODv8ACQtt45rEjvrTIZo1KGb+eKHf6Ej3dwf3fAppCRz36IxG2HzOc3ciRMbaVba6f root@ubuntu-xenial
-----END SSH HOST KEY KEYS-----
[   22.080680] cloud-init[1561]: Cloud-init v. 19.2-36-g059d049c-0ubuntu1~16.04.1 running 'modules:final' at Tue, 15 Oct 2019 15:22:17 +0000. Up 21.84 seconds.
[   22.081082] cloud-init[1561]: ci-info: no authorized ssh keys fing[[0;32m  OK  [0m] Stopped target Cloud-init target.
         Stopping Authenticate and Authorize Users to Run Privileged Tasks...
         Stopping ACPI event daemon...
         Stopping User Manager for UID 1000...
[[0;32m  OK  [0m] Stopped target Graphical Interface.
[[0;32m  OK  [0m] Stopped target Timers.
[[0;32m  OK  [0m] Stopped Daily Cleanup of Temporary Directories.
[[0;32m  OK  [0m] Closed Load/Save RF Kill Switch Status /dev/rfkill Watch.
[[0;32m  OK  [0m] Stopped Daily apt upgrade and clean activities.
[[0;32m  OK  [0m] Stopped Daily apt download activities.
         Stopping Accounts Service...
[[0;32m  OK  [0m] Stopped Execute cloud user/final scripts.
[[0;32m  OK  [0m] Stopped target Multi-User System.
         Stopping LXD - container startup/shutdown...
         Stopping Unattended Upgrades Shutdown...
         Stopping FUSE filesystem for LXC...
         Stopping LSB: MD monitoring daemon...
         Stopping OpenBSD Secure Shell server...
[[0;32m  OK  [0m] Stopped target Login Prompts.
         Stopping Serial Getty on ttyS0...
         Stopping Deferred execution scheduler...
         Stopping Virtualbox guest utils...
         Stopping LSB: automatic crash report generation...
         Stopping Regular background program processing daemon...
         Stopping LSB: daemon to balance interrupts for SMP systems...
         Stopping D-Bus System Message Bus...
         Stopping LSB: Set the CPU Frequency Scaling governor to "ondemand"...
         Stopping System Logging Service...
[[0;32m  OK  [0m] Stopped Apply the settings specified in cloud-config.
[[0;32m  OK  [0m] Stopped Wait until snapd is fully seeded.
         Stopping LSB: Record successful boot for GRUB...
[[0;32m  OK  [0m] Stopped target Cloud-config availability.
         Stopping Getty on tty1...
[[0;32m  OK  [0m] Stopped Message of the Day.
[[0;32m  OK  [0m] Stopped target System Time Synchronized.
         Stopping A high performance web server and a reverse proxy server...
         Stopping Session 3 of user vagrant.
[[0;32m  OK  [0m] Unmounted /var/lib/lxcfs.
[[0;32m  OK  [0m] Stopped ACPI event daemon.
[[0;32m  OK  [0m] Stopped Deferred execution scheduler.
[[0;32m  OK  [0m] Stopped Accounts Service.
[[0;32m  OK  [0m] Stopped System Logging Service.
[[0;32m  OK  [0m] Stopped Regular background program processing daemon.
[[0;32m  OK  [0m] Stopped Authenticate and Authorize Users to Run Privileged Tasks.
[[0;32m  OK  [0m] Stopped Unattended Upgrades Shutdown.
[[0;32m  OK  [0m] Stopped Serial Getty on ttyS0.
[[0;32m  OK  [0m] Stopped Getty on tty1.
[[0;32m  OK  [0m] Stopped OpenBSD Secure Shell server.
[[0;32m  OK  [0m] Stopped User Manager for UID 1000.
[[0;32m  OK  [0m] Stopped D-Bus System Message Bus.
[[0;32m  OK  [0m] Stopped Session 3 of user vagrant.
[[0;32m  OK  [0m] Stopped A high performance web server and a reverse proxy server.
[[0;32m  OK  [0m] Stopped FUSE filesystem for LXC.
[[0;32m  OK  [0m] Stopped LSB: MD monitoring daemon.
[[0;32m  OK  [0m] Stopped LXD - container startup/shutdown.
[[0;32m  OK  [0m] Stopped LSB: automatic crash report generation.
[[0;32m  OK  [0m] Stopped Virtualbox guest utils.
[[0;32m  OK  [0m] Stopped LSB: daemon to balance interrupts for SMP systems.
[[0;32m  OK  [0m] Stopped LSB: Set the CPU Frequency Scaling governor to "ondemand".
[[0;32m  OK  [0m] Stopped LSB: Record successful boot for GRUB.
[[0;32m  OK  [0m] Removed slice User Slice of vagrant.
[[0;32m  OK  [0m] Removed slice system-getty.slice.
         Stopping Permit User Sessions...
[[0;32m  OK  [0m] Stopped /etc/rc.local Compatibility.
[[0;32m  OK  [0m] Removed slice system-serial\x2dgetty.slice.
         Stopping Login Service...
[[0;32m  OK  [0m] Stopped Permit User Sessions.
[[0;32m  OK  [0m] Stopped target Remote File Systems.
[[0;32m  OK  [0m] Stopped target Remote File Systems (Pre).
         Stopping Login to default iSCSI targets...
[[0;32m  OK  [0m] Stopped Login Service.
[[0;32m  OK  [0m] Stopped target User and Group Name Lookups.
[[0;32m  OK  [0m] Stopped target Basic System.
[[0;32m  OK  [0m] Stopped target Slices.
[[0;32m  OK  [0m] Removed slice User and Session Slice.
[[0;32m  OK  [0m] Stopped target Paths.
[[0;32m  OK  [0m] Stopped Dispatch Password Requests to Console Directory Watch.
[[0;32m  OK  [0m] Stopped Forward Password Requests to Wall Directory Watch.
[[0;32m  OK  [0m] Stopped ACPI Events Check.
[[0;32m  OK  [0m] Stopped target Sockets.
[[0;32m  OK  [0m] Closed ACPID Listen Socket.
[[0;32m  OK  [0m] Closed LXD - unix socket.
[[0;32m  OK  [0m] Closed D-Bus System Message Bus Socket.
[[0;32m  OK  [0m] Closed Syslog Socket.
[[0;32m  OK  [0m] Closed UUID daemon activation socket.
[[0;32m  OK  [0m] Closed Socket activation for snappy daemon.
[[0;32m  OK  [0m] Stopped target System Initialization.
         Stopping Update UTMP about System Boot/Shutdown...
         Stopping Load/Save Random Seed...
[[0;32m  OK  [0m] Stopped Commit a transient machine-id on disk.
[[0;32m  OK  [0m] Stopped target Encrypted Volumes.
[[0;32m  OK  [0m] Stopped target Swap.
[[0;32m  OK  [0m] Stopped Load/Save Random Seed.
[[0;32m  OK  [0m] Stopped Update UTMP about System Boot/Shutdown.
[[0;32m  OK  [0m] Stopped Login to default iSCSI targets.
         Stopping iSCSI initiator daemon (iscsid)...
[[0;32m  OK  [0m] Stopped Create Volatile Files and Directories.
[[0;32m  OK  [0m] Stopped iSCSI initiator daemon (iscsid).
[[0;32m  OK  [0m] Stopped target Network is Online.
[[0;32m  OK  [0m] Stopped Initial cloud-init job (metadata service crawler).
[[0;32m  OK  [0m] Stopped target Network.
         Stopping Raise network interfaces...
[[0;32m  OK  [0m] Stopped Raise network interfaces.
[[0;32m  OK  [0m] Stopped target Local File Systems.
         Unmounting /vagrant...
         Unmounting /home/ubuntu/app...
         Unmounting /home/ubuntu/environment...
         Unmounting /run/user/1000...
[[0;32m  OK  [0m] Stopped Apply Kernel Variables.
[[0;32m  OK  [0m] Stopped Load Kernel Modules.
[[0;32m  OK  [0m] Stopped target Network (Pre).
[[0;32m  OK  [0m] Stopped Initial cloud-init job (pre-networking).
[[0;32m  OK  [0m] Unmounted /vagrant.
[[0;32m  OK  [0m] Unmounted /home/ubuntu/app.
[[0;32m  OK  [0m] Unmounted /home/ubuntu/environment.
[[0;32m  OK  [0m] Unmounted /run/user/1000.
[[0;32m  OK  [0m] Reached target Unmount All Filesystems.
[[0;32m  OK  [0m] Stopped target Local File Systems (Pre).
         Stopping Monitoring of LVM2 mirrors... dmeventd or progress polling...
[[0;32m  OK  [0m] Stopped Remount Root and Kernel File Systems.
[[0;32m  OK  [0m] Stopped Create Static Device Nodes in /dev.
[[0;32m  OK  [0m] Reached target Shutdown.
[ 1892.629278] reboot: Power down
eate Static Device Nodes in /dev.
[[0;32m  OK  [0m] Reached target Shutdown.
[ 1727.370296] reboot: Power down
